[0.012s] Invoking command in '/snoopy/build/demo_cpp': CMAKE_PREFIX_PATH=${CMAKE_PREFIX_PATH}:/opt/ros/humble /usr/bin/cmake --build /snoopy/build/demo_cpp -- -j2 -l2
[0.163s] Invoked command in '/snoopy/build/demo_cpp' returned '0': CMAKE_PREFIX_PATH=${CMAKE_PREFIX_PATH}:/opt/ros/humble /usr/bin/cmake --build /snoopy/build/demo_cpp -- -j2 -l2
[0.169s] Invoking command in '/snoopy/build/demo_cpp': CMAKE_PREFIX_PATH=${CMAKE_PREFIX_PATH}:/opt/ros/humble /usr/bin/cmake --install /snoopy/build/demo_cpp
[0.174s] -- Install configuration: ""
[0.174s] -- Up-to-date: /snoopy/install/demo_cpp/share/ament_index/resource_index/package_run_dependencies/demo_cpp
[0.174s] -- Up-to-date: /snoopy/install/demo_cpp/share/ament_index/resource_index/parent_prefix_path/demo_cpp
[0.174s] -- Up-to-date: /snoopy/install/demo_cpp/share/demo_cpp/environment/ament_prefix_path.sh
[0.174s] -- Up-to-date: /snoopy/install/demo_cpp/share/demo_cpp/environment/ament_prefix_path.dsv
[0.174s] -- Up-to-date: /snoopy/install/demo_cpp/share/demo_cpp/environment/path.sh
[0.174s] -- Up-to-date: /snoopy/install/demo_cpp/share/demo_cpp/environment/path.dsv
[0.175s] -- Up-to-date: /snoopy/install/demo_cpp/share/demo_cpp/local_setup.bash
[0.175s] -- Up-to-date: /snoopy/install/demo_cpp/share/demo_cpp/local_setup.sh
[0.175s] -- Up-to-date: /snoopy/install/demo_cpp/share/demo_cpp/local_setup.zsh
[0.175s] -- Up-to-date: /snoopy/install/demo_cpp/share/demo_cpp/local_setup.dsv
[0.175s] -- Up-to-date: /snoopy/install/demo_cpp/share/demo_cpp/package.dsv
[0.175s] -- Up-to-date: /snoopy/install/demo_cpp/share/ament_index/resource_index/packages/demo_cpp
[0.175s] -- Up-to-date: /snoopy/install/demo_cpp/share/demo_cpp/cmake/demo_cppConfig.cmake
[0.175s] -- Up-to-date: /snoopy/install/demo_cpp/share/demo_cpp/cmake/demo_cppConfig-version.cmake
[0.175s] -- Up-to-date: /snoopy/install/demo_cpp/share/demo_cpp/package.xml
[0.179s] Invoked command in '/snoopy/build/demo_cpp' returned '0': CMAKE_PREFIX_PATH=${CMAKE_PREFIX_PATH}:/opt/ros/humble /usr/bin/cmake --install /snoopy/build/demo_cpp
