[0.008s] Invoking command in '/snoopy/build/demo_cpp': CMAKE_PREFIX_PATH=/opt/ros/humble /usr/bin/cmake /snoopy/src/demo_cpp -DCMAKE_INSTALL_PREFIX=/snoopy/install/demo_cpp
[0.090s] -- The C compiler identification is GNU 11.4.0
[0.154s] -- The CXX compiler identification is GNU 11.4.0
[0.162s] -- Detecting C compiler ABI info
[0.211s] -- Detecting C compiler ABI info - done
[0.217s] -- Check for working C compiler: /usr/bin/cc - skipped
[0.218s] -- Detecting C compile features
[0.218s] -- Detecting C compile features - done
[0.221s] -- Detecting CXX compiler ABI info
[0.276s] -- Detecting CXX compiler ABI info - done
[0.282s] -- Check for working CXX compiler: /usr/bin/c++ - skipped
[0.282s] -- Detecting CXX compile features
[0.283s] -- Detecting CXX compile features - done
[0.289s] -- Found ament_cmake: 1.3.12 (/opt/ros/humble/share/ament_cmake/cmake)
[0.384s] -- Found Python3: /usr/bin/python3 (found version "3.10.12") found components: Interpreter 
[0.455s] -- Found rclcpp: 16.0.15 (/opt/ros/humble/share/rclcpp/cmake)
[0.497s] -- Found rosidl_generator_c: 3.1.7 (/opt/ros/humble/share/rosidl_generator_c/cmake)
[0.502s] -- Found rosidl_adapter: 3.1.7 (/opt/ros/humble/share/rosidl_adapter/cmake)
[0.510s] -- Found rosidl_generator_cpp: 3.1.7 (/opt/ros/humble/share/rosidl_generator_cpp/cmake)
[0.524s] -- Using all available rosidl_typesupport_c: rosidl_typesupport_fastrtps_c;rosidl_typesupport_introspection_c
[0.540s] -- Using all available rosidl_typesupport_cpp: rosidl_typesupport_fastrtps_cpp;rosidl_typesupport_introspection_cpp
[0.584s] -- Found rmw_implementation_cmake: 6.1.2 (/opt/ros/humble/share/rmw_implementation_cmake/cmake)
[0.587s] -- Found rmw_cyclonedds_cpp: 1.3.4 (/opt/ros/humble/share/rmw_cyclonedds_cpp/cmake)
[0.608s] -- Using RMW implementation 'rmw_cyclonedds_cpp' as default
[0.616s] -- Looking for pthread.h
[0.672s] -- Looking for pthread.h - found
[0.672s] -- Performing Test CMAKE_HAVE_LIBC_PTHREAD
[0.723s] -- Performing Test CMAKE_HAVE_LIBC_PTHREAD - Success
[0.724s] -- Found Threads: TRUE  
[0.779s] -- Found ament_lint_auto: 0.12.14 (/opt/ros/humble/share/ament_lint_auto/cmake)
[0.841s] -- Added test 'lint_cmake' to check CMake code style
[0.842s] -- Added test 'xmllint' to check XML markup files
[0.843s] -- Configuring done
[0.846s] -- Generating done
[0.848s] -- Build files have been written to: /snoopy/build/demo_cpp
[0.853s] Invoked command in '/snoopy/build/demo_cpp' returned '0': CMAKE_PREFIX_PATH=/opt/ros/humble /usr/bin/cmake /snoopy/src/demo_cpp -DCMAKE_INSTALL_PREFIX=/snoopy/install/demo_cpp
[0.854s] Invoking command in '/snoopy/build/demo_cpp': CMAKE_PREFIX_PATH=/opt/ros/humble /usr/bin/cmake --build /snoopy/build/demo_cpp -- -j2 -l2
[0.879s] Invoked command in '/snoopy/build/demo_cpp' returned '0': CMAKE_PREFIX_PATH=/opt/ros/humble /usr/bin/cmake --build /snoopy/build/demo_cpp -- -j2 -l2
[0.884s] Invoking command in '/snoopy/build/demo_cpp': CMAKE_PREFIX_PATH=/opt/ros/humble /usr/bin/cmake --install /snoopy/build/demo_cpp
[0.888s] -- Install configuration: ""
[0.888s] -- Installing: /snoopy/install/demo_cpp/share/ament_index/resource_index/package_run_dependencies/demo_cpp
[0.888s] -- Installing: /snoopy/install/demo_cpp/share/ament_index/resource_index/parent_prefix_path/demo_cpp
[0.889s] -- Installing: /snoopy/install/demo_cpp/share/demo_cpp/environment/ament_prefix_path.sh
[0.889s] -- Installing: /snoopy/install/demo_cpp/share/demo_cpp/environment/ament_prefix_path.dsv
[0.889s] -- Installing: /snoopy/install/demo_cpp/share/demo_cpp/environment/path.sh
[0.889s] -- Installing: /snoopy/install/demo_cpp/share/demo_cpp/environment/path.dsv
[0.889s] -- Installing: /snoopy/install/demo_cpp/share/demo_cpp/local_setup.bash
[0.889s] -- Installing: /snoopy/install/demo_cpp/share/demo_cpp/local_setup.sh
[0.889s] -- Installing: /snoopy/install/demo_cpp/share/demo_cpp/local_setup.zsh
[0.889s] -- Installing: /snoopy/install/demo_cpp/share/demo_cpp/local_setup.dsv
[0.889s] -- Installing: /snoopy/install/demo_cpp/share/demo_cpp/package.dsv
[0.889s] -- Installing: /snoopy/install/demo_cpp/share/ament_index/resource_index/packages/demo_cpp
[0.890s] -- Installing: /snoopy/install/demo_cpp/share/demo_cpp/cmake/demo_cppConfig.cmake
[0.890s] -- Installing: /snoopy/install/demo_cpp/share/demo_cpp/cmake/demo_cppConfig-version.cmake
[0.890s] -- Installing: /snoopy/install/demo_cpp/share/demo_cpp/package.xml
[0.891s] Invoked command in '/snoopy/build/demo_cpp' returned '0': CMAKE_PREFIX_PATH=/opt/ros/humble /usr/bin/cmake --install /snoopy/build/demo_cpp
