[0.077s] DEBUG:colcon:Command line arguments: ['/usr/bin/colcon', 'build']
[0.077s] DEBUG:colcon:Parsed command line arguments: Namespace(log_base=None, log_level=None, verb_name='build', build_base='build', install_base='install', merge_install=False, symlink_install=False, test_result_base=None, continue_on_error=False, executor='parallel', parallel_workers=2, event_handlers=None, ignore_user_meta=False, metas=['./colcon.meta'], base_paths=['.'], packages_ignore=None, packages_ignore_regex=None, paths=None, packages_up_to=None, packages_up_to_regex=None, packages_above=None, packages_above_and_dependencies=None, packages_above_depth=None, packages_select_by_dep=None, packages_skip_by_dep=None, packages_skip_up_to=None, packages_select_build_failed=False, packages_skip_build_finished=False, packages_select_test_failures=False, packages_skip_test_passed=False, packages_select=None, packages_skip=None, packages_select_regex=None, packages_skip_regex=None, packages_start=None, packages_end=None, cmake_args=None, cmake_target=None, cmake_target_skip_unavailable=False, cmake_clean_cache=False, cmake_clean_first=False, cmake_force_configure=False, ament_cmake_args=None, catkin_cmake_args=None, catkin_skip_building_tests=False, mixin_files=None, mixin=None, verb_parser=<colcon_mixin.mixin.mixin_argument.MixinArgumentDecorator object at 0xffffaadb9e40>, verb_extension=<colcon_core.verb.build.BuildVerb object at 0xffffaadb9900>, main=<bound method BuildVerb.main of <colcon_core.verb.build.BuildVerb object at 0xffffaadb9900>>, mixin_verb=('build',))
[0.158s] Level 1:colcon.colcon_core.package_discovery:discover_packages(colcon_meta) check parameters
[0.158s] Level 1:colcon.colcon_core.package_discovery:discover_packages(recursive) check parameters
[0.158s] Level 1:colcon.colcon_core.package_discovery:discover_packages(ignore) check parameters
[0.158s] Level 1:colcon.colcon_core.package_discovery:discover_packages(path) check parameters
[0.158s] Level 1:colcon.colcon_core.package_discovery:discover_packages(colcon_meta) discover
[0.158s] Level 1:colcon.colcon_core.package_discovery:discover_packages(recursive) discover
[0.158s] INFO:colcon.colcon_core.package_discovery:Crawling recursively for packages in '/snoopy'
[0.158s] Level 1:colcon.colcon_core.package_identification:_identify(.) by extensions ['ignore', 'ignore_ament_install']
[0.159s] Level 1:colcon.colcon_core.package_identification:_identify(.) by extension 'ignore'
[0.159s] Level 1:colcon.colcon_core.package_identification:_identify(.) by extension 'ignore_ament_install'
[0.159s] Level 1:colcon.colcon_core.package_identification:_identify(.) by extensions ['colcon_pkg']
[0.159s] Level 1:colcon.colcon_core.package_identification:_identify(.) by extension 'colcon_pkg'
[0.159s] Level 1:colcon.colcon_core.package_identification:_identify(.) by extensions ['colcon_meta']
[0.159s] Level 1:colcon.colcon_core.package_identification:_identify(.) by extension 'colcon_meta'
[0.159s] Level 1:colcon.colcon_core.package_identification:_identify(.) by extensions ['ros']
[0.159s] Level 1:colcon.colcon_core.package_identification:_identify(.) by extension 'ros'
[0.168s] Level 1:colcon.colcon_core.package_identification:_identify(.) by extensions ['cmake', 'python']
[0.168s] Level 1:colcon.colcon_core.package_identification:_identify(.) by extension 'cmake'
[0.168s] Level 1:colcon.colcon_core.package_identification:_identify(.) by extension 'python'
[0.168s] Level 1:colcon.colcon_core.package_identification:_identify(.) by extensions ['python_setup_py']
[0.168s] Level 1:colcon.colcon_core.package_identification:_identify(.) by extension 'python_setup_py'
[0.168s] Level 1:colcon.colcon_core.package_identification:_identify(build) by extensions ['ignore', 'ignore_ament_install']
[0.168s] Level 1:colcon.colcon_core.package_identification:_identify(build) by extension 'ignore'
[0.168s] Level 1:colcon.colcon_core.package_identification:_identify(build) ignored
[0.168s] Level 1:colcon.colcon_core.package_identification:_identify(install) by extensions ['ignore', 'ignore_ament_install']
[0.168s] Level 1:colcon.colcon_core.package_identification:_identify(install) by extension 'ignore'
[0.168s] Level 1:colcon.colcon_core.package_identification:_identify(install) ignored
[0.168s] Level 1:colcon.colcon_core.package_identification:_identify(log) by extensions ['ignore', 'ignore_ament_install']
[0.168s] Level 1:colcon.colcon_core.package_identification:_identify(log) by extension 'ignore'
[0.168s] Level 1:colcon.colcon_core.package_identification:_identify(log) ignored
[0.168s] Level 1:colcon.colcon_core.package_identification:_identify(src) by extensions ['ignore', 'ignore_ament_install']
[0.169s] Level 1:colcon.colcon_core.package_identification:_identify(src) by extension 'ignore'
[0.169s] Level 1:colcon.colcon_core.package_identification:_identify(src) by extension 'ignore_ament_install'
[0.169s] Level 1:colcon.colcon_core.package_identification:_identify(src) by extensions ['colcon_pkg']
[0.169s] Level 1:colcon.colcon_core.package_identification:_identify(src) by extension 'colcon_pkg'
[0.169s] Level 1:colcon.colcon_core.package_identification:_identify(src) by extensions ['colcon_meta']
[0.169s] Level 1:colcon.colcon_core.package_identification:_identify(src) by extension 'colcon_meta'
[0.169s] Level 1:colcon.colcon_core.package_identification:_identify(src) by extensions ['ros']
[0.169s] Level 1:colcon.colcon_core.package_identification:_identify(src) by extension 'ros'
[0.169s] Level 1:colcon.colcon_core.package_identification:_identify(src) by extensions ['cmake', 'python']
[0.169s] Level 1:colcon.colcon_core.package_identification:_identify(src) by extension 'cmake'
[0.169s] Level 1:colcon.colcon_core.package_identification:_identify(src) by extension 'python'
[0.169s] Level 1:colcon.colcon_core.package_identification:_identify(src) by extensions ['python_setup_py']
[0.169s] Level 1:colcon.colcon_core.package_identification:_identify(src) by extension 'python_setup_py'
[0.169s] Level 1:colcon.colcon_core.package_identification:_identify(src/demo_cpp) by extensions ['ignore', 'ignore_ament_install']
[0.169s] Level 1:colcon.colcon_core.package_identification:_identify(src/demo_cpp) by extension 'ignore'
[0.169s] Level 1:colcon.colcon_core.package_identification:_identify(src/demo_cpp) by extension 'ignore_ament_install'
[0.169s] Level 1:colcon.colcon_core.package_identification:_identify(src/demo_cpp) by extensions ['colcon_pkg']
[0.169s] Level 1:colcon.colcon_core.package_identification:_identify(src/demo_cpp) by extension 'colcon_pkg'
[0.169s] Level 1:colcon.colcon_core.package_identification:_identify(src/demo_cpp) by extensions ['colcon_meta']
[0.169s] Level 1:colcon.colcon_core.package_identification:_identify(src/demo_cpp) by extension 'colcon_meta'
[0.169s] Level 1:colcon.colcon_core.package_identification:_identify(src/demo_cpp) by extensions ['ros']
[0.169s] Level 1:colcon.colcon_core.package_identification:_identify(src/demo_cpp) by extension 'ros'
[0.171s] DEBUG:colcon.colcon_core.package_identification:Package 'src/demo_cpp' with type 'ros.ament_cmake' and name 'demo_cpp'
[0.171s] Level 1:colcon.colcon_core.package_identification:_identify(src/demo_py) by extensions ['ignore', 'ignore_ament_install']
[0.171s] Level 1:colcon.colcon_core.package_identification:_identify(src/demo_py) by extension 'ignore'
[0.171s] Level 1:colcon.colcon_core.package_identification:_identify(src/demo_py) by extension 'ignore_ament_install'
[0.171s] Level 1:colcon.colcon_core.package_identification:_identify(src/demo_py) by extensions ['colcon_pkg']
[0.171s] Level 1:colcon.colcon_core.package_identification:_identify(src/demo_py) by extension 'colcon_pkg'
[0.171s] Level 1:colcon.colcon_core.package_identification:_identify(src/demo_py) by extensions ['colcon_meta']
[0.171s] Level 1:colcon.colcon_core.package_identification:_identify(src/demo_py) by extension 'colcon_meta'
[0.171s] Level 1:colcon.colcon_core.package_identification:_identify(src/demo_py) by extensions ['ros']
[0.171s] Level 1:colcon.colcon_core.package_identification:_identify(src/demo_py) by extension 'ros'
[0.172s] DEBUG:colcon.colcon_core.package_identification:Package 'src/demo_py' with type 'ros.ament_python' and name 'demo_py'
[0.172s] Level 1:colcon.colcon_core.package_discovery:discover_packages(recursive) using defaults
[0.172s] Level 1:colcon.colcon_core.package_discovery:discover_packages(ignore) discover
[0.172s] Level 1:colcon.colcon_core.package_discovery:discover_packages(ignore) using defaults
[0.172s] Level 1:colcon.colcon_core.package_discovery:discover_packages(path) discover
[0.172s] Level 1:colcon.colcon_core.package_discovery:discover_packages(path) using defaults
[0.188s] Level 5:colcon.colcon_core.verb:set package 'demo_cpp' build argument 'cmake_args' from command line to 'None'
[0.188s] Level 5:colcon.colcon_core.verb:set package 'demo_cpp' build argument 'cmake_target' from command line to 'None'
[0.188s] Level 5:colcon.colcon_core.verb:set package 'demo_cpp' build argument 'cmake_target_skip_unavailable' from command line to 'False'
[0.188s] Level 5:colcon.colcon_core.verb:set package 'demo_cpp' build argument 'cmake_clean_cache' from command line to 'False'
[0.188s] Level 5:colcon.colcon_core.verb:set package 'demo_cpp' build argument 'cmake_clean_first' from command line to 'False'
[0.188s] Level 5:colcon.colcon_core.verb:set package 'demo_cpp' build argument 'cmake_force_configure' from command line to 'False'
[0.188s] Level 5:colcon.colcon_core.verb:set package 'demo_cpp' build argument 'ament_cmake_args' from command line to 'None'
[0.188s] Level 5:colcon.colcon_core.verb:set package 'demo_cpp' build argument 'catkin_cmake_args' from command line to 'None'
[0.188s] Level 5:colcon.colcon_core.verb:set package 'demo_cpp' build argument 'catkin_skip_building_tests' from command line to 'False'
[0.188s] DEBUG:colcon.colcon_core.verb:Building package 'demo_cpp' with the following arguments: {'ament_cmake_args': None, 'build_base': '/snoopy/build/demo_cpp', 'catkin_cmake_args': None, 'catkin_skip_building_tests': False, 'cmake_args': None, 'cmake_clean_cache': False, 'cmake_clean_first': False, 'cmake_force_configure': False, 'cmake_target': None, 'cmake_target_skip_unavailable': False, 'install_base': '/snoopy/install/demo_cpp', 'merge_install': False, 'path': '/snoopy/src/demo_cpp', 'symlink_install': False, 'test_result_base': None}
[0.188s] Level 5:colcon.colcon_core.verb:set package 'demo_py' build argument 'cmake_args' from command line to 'None'
[0.188s] Level 5:colcon.colcon_core.verb:set package 'demo_py' build argument 'cmake_target' from command line to 'None'
[0.188s] Level 5:colcon.colcon_core.verb:set package 'demo_py' build argument 'cmake_target_skip_unavailable' from command line to 'False'
[0.188s] Level 5:colcon.colcon_core.verb:set package 'demo_py' build argument 'cmake_clean_cache' from command line to 'False'
[0.188s] Level 5:colcon.colcon_core.verb:set package 'demo_py' build argument 'cmake_clean_first' from command line to 'False'
[0.188s] Level 5:colcon.colcon_core.verb:set package 'demo_py' build argument 'cmake_force_configure' from command line to 'False'
[0.188s] Level 5:colcon.colcon_core.verb:set package 'demo_py' build argument 'ament_cmake_args' from command line to 'None'
[0.188s] Level 5:colcon.colcon_core.verb:set package 'demo_py' build argument 'catkin_cmake_args' from command line to 'None'
[0.188s] Level 5:colcon.colcon_core.verb:set package 'demo_py' build argument 'catkin_skip_building_tests' from command line to 'False'
[0.189s] DEBUG:colcon.colcon_core.verb:Building package 'demo_py' with the following arguments: {'ament_cmake_args': None, 'build_base': '/snoopy/build/demo_py', 'catkin_cmake_args': None, 'catkin_skip_building_tests': False, 'cmake_args': None, 'cmake_clean_cache': False, 'cmake_clean_first': False, 'cmake_force_configure': False, 'cmake_target': None, 'cmake_target_skip_unavailable': False, 'install_base': '/snoopy/install/demo_py', 'merge_install': False, 'path': '/snoopy/src/demo_py', 'symlink_install': False, 'test_result_base': None}
[0.189s] INFO:colcon.colcon_core.executor:Executing jobs using 'parallel' executor
[0.190s] DEBUG:colcon.colcon_parallel_executor.executor.parallel:run_until_complete
[0.190s] INFO:colcon.colcon_ros.task.ament_cmake.build:Building ROS package in '/snoopy/src/demo_cpp' with build type 'ament_cmake'
[0.190s] INFO:colcon.colcon_cmake.task.cmake.build:Building CMake package in '/snoopy/src/demo_cpp'
[0.192s] INFO:colcon.colcon_core.plugin_system:Skipping extension 'colcon_core.shell.bat': Not used on non-Windows systems
[0.192s] INFO:colcon.colcon_core.shell:Skip shell extension 'powershell' for command environment: Not usable outside of PowerShell
[0.192s] DEBUG:colcon.colcon_core.shell:Skip shell extension 'dsv' for command environment
[0.195s] INFO:colcon.colcon_ros.task.ament_python.build:Building ROS package in '/snoopy/src/demo_py' with build type 'ament_python'
[0.196s] Level 1:colcon.colcon_core.shell:create_environment_hook('demo_py', 'ament_prefix_path')
[0.196s] INFO:colcon.colcon_core.shell:Creating environment hook '/snoopy/install/demo_py/share/demo_py/hook/ament_prefix_path.ps1'
[0.197s] INFO:colcon.colcon_core.shell:Creating environment descriptor '/snoopy/install/demo_py/share/demo_py/hook/ament_prefix_path.dsv'
[0.197s] INFO:colcon.colcon_core.shell:Creating environment hook '/snoopy/install/demo_py/share/demo_py/hook/ament_prefix_path.sh'
[0.198s] INFO:colcon.colcon_core.shell:Skip shell extension 'powershell' for command environment: Not usable outside of PowerShell
[0.198s] DEBUG:colcon.colcon_core.shell:Skip shell extension 'dsv' for command environment
[0.202s] DEBUG:colcon.colcon_core.event_handler.log_command:Invoking command in '/snoopy/build/demo_cpp': CMAKE_PREFIX_PATH=${CMAKE_PREFIX_PATH}:/opt/ros/humble /usr/bin/cmake --build /snoopy/build/demo_cpp -- -j2 -l2
[0.350s] INFO:colcon.colcon_core.task.python.build:Building Python package in '/snoopy/src/demo_py'
[0.350s] INFO:colcon.colcon_core.shell:Skip shell extension 'powershell' for command environment: Not usable outside of PowerShell
[0.350s] DEBUG:colcon.colcon_core.shell:Skip shell extension 'dsv' for command environment
[0.354s] DEBUG:colcon.colcon_core.event_handler.log_command:Invoked command in '/snoopy/build/demo_cpp' returned '0': CMAKE_PREFIX_PATH=${CMAKE_PREFIX_PATH}:/opt/ros/humble /usr/bin/cmake --build /snoopy/build/demo_cpp -- -j2 -l2
[0.359s] DEBUG:colcon.colcon_core.event_handler.log_command:Invoking command in '/snoopy/build/demo_cpp': CMAKE_PREFIX_PATH=${CMAKE_PREFIX_PATH}:/opt/ros/humble /usr/bin/cmake --install /snoopy/build/demo_cpp
[0.367s] Level 1:colcon.colcon_core.environment:create_environment_scripts_only(demo_cpp)
[0.368s] Level 1:colcon.colcon_core.environment:checking '/snoopy/install/demo_cpp' for CMake module files
[0.369s] Level 1:colcon.colcon_core.environment:checking '/snoopy/install/demo_cpp' for CMake config files
[0.369s] Level 1:colcon.colcon_core.shell:create_environment_hook('demo_cpp', 'cmake_prefix_path')
[0.369s] DEBUG:colcon.colcon_core.event_handler.log_command:Invoked command in '/snoopy/build/demo_cpp' returned '0': CMAKE_PREFIX_PATH=${CMAKE_PREFIX_PATH}:/opt/ros/humble /usr/bin/cmake --install /snoopy/build/demo_cpp
[0.369s] INFO:colcon.colcon_core.shell:Creating environment hook '/snoopy/install/demo_cpp/share/demo_cpp/hook/cmake_prefix_path.ps1'
[0.370s] INFO:colcon.colcon_core.shell:Creating environment descriptor '/snoopy/install/demo_cpp/share/demo_cpp/hook/cmake_prefix_path.dsv'
[0.370s] INFO:colcon.colcon_core.shell:Creating environment hook '/snoopy/install/demo_cpp/share/demo_cpp/hook/cmake_prefix_path.sh'
[0.371s] Level 1:colcon.colcon_core.environment:checking '/snoopy/install/demo_cpp/bin'
[0.371s] Level 1:colcon.colcon_core.environment:checking '/snoopy/install/demo_cpp/lib/pkgconfig/demo_cpp.pc'
[0.371s] Level 1:colcon.colcon_core.environment:checking '/snoopy/install/demo_cpp/lib/python3.10/site-packages'
[0.371s] Level 1:colcon.colcon_core.environment:checking '/snoopy/install/demo_cpp/bin'
[0.372s] INFO:colcon.colcon_core.shell:Creating package script '/snoopy/install/demo_cpp/share/demo_cpp/package.ps1'
[0.372s] INFO:colcon.colcon_core.shell:Creating package descriptor '/snoopy/install/demo_cpp/share/demo_cpp/package.dsv'
[0.373s] INFO:colcon.colcon_core.shell:Creating package script '/snoopy/install/demo_cpp/share/demo_cpp/package.sh'
[0.373s] INFO:colcon.colcon_core.shell:Creating package script '/snoopy/install/demo_cpp/share/demo_cpp/package.bash'
[0.374s] INFO:colcon.colcon_core.shell:Creating package script '/snoopy/install/demo_cpp/share/demo_cpp/package.zsh'
[0.375s] Level 1:colcon.colcon_core.environment:create_file_with_runtime_dependencies(/snoopy/install/demo_cpp/share/colcon-core/packages/demo_cpp)
[0.375s] Level 1:colcon.colcon_core.environment:create_environment_scripts_only(demo_cpp)
[0.375s] Level 1:colcon.colcon_core.environment:checking '/snoopy/install/demo_cpp' for CMake module files
[0.376s] Level 1:colcon.colcon_core.environment:checking '/snoopy/install/demo_cpp' for CMake config files
[0.376s] Level 1:colcon.colcon_core.shell:create_environment_hook('demo_cpp', 'cmake_prefix_path')
[0.376s] INFO:colcon.colcon_core.shell:Creating environment hook '/snoopy/install/demo_cpp/share/demo_cpp/hook/cmake_prefix_path.ps1'
[0.376s] INFO:colcon.colcon_core.shell:Creating environment descriptor '/snoopy/install/demo_cpp/share/demo_cpp/hook/cmake_prefix_path.dsv'
[0.376s] INFO:colcon.colcon_core.shell:Creating environment hook '/snoopy/install/demo_cpp/share/demo_cpp/hook/cmake_prefix_path.sh'
[0.377s] Level 1:colcon.colcon_core.environment:checking '/snoopy/install/demo_cpp/bin'
[0.377s] Level 1:colcon.colcon_core.environment:checking '/snoopy/install/demo_cpp/lib/pkgconfig/demo_cpp.pc'
[0.377s] Level 1:colcon.colcon_core.environment:checking '/snoopy/install/demo_cpp/lib/python3.10/site-packages'
[0.377s] Level 1:colcon.colcon_core.environment:checking '/snoopy/install/demo_cpp/bin'
[0.377s] INFO:colcon.colcon_core.shell:Creating package script '/snoopy/install/demo_cpp/share/demo_cpp/package.ps1'
[0.378s] INFO:colcon.colcon_core.shell:Creating package descriptor '/snoopy/install/demo_cpp/share/demo_cpp/package.dsv'
[0.378s] INFO:colcon.colcon_core.shell:Creating package script '/snoopy/install/demo_cpp/share/demo_cpp/package.sh'
[0.379s] INFO:colcon.colcon_core.shell:Creating package script '/snoopy/install/demo_cpp/share/demo_cpp/package.bash'
[0.379s] INFO:colcon.colcon_core.shell:Creating package script '/snoopy/install/demo_cpp/share/demo_cpp/package.zsh'
[0.379s] Level 1:colcon.colcon_core.environment:create_file_with_runtime_dependencies(/snoopy/install/demo_cpp/share/colcon-core/packages/demo_cpp)
[0.580s] DEBUG:colcon.colcon_core.event_handler.log_command:Invoking command in '/snoopy/src/demo_py': PYTHONPATH=/snoopy/build/demo_py/prefix_override:/usr/lib/python3/dist-packages/colcon_core/task/python/colcon_distutils_commands:/snoopy/install/demo_py/lib/python3.10/site-packages:${PYTHONPATH} /usr/bin/python3 -W ignore:setup.py install is deprecated -W ignore:easy_install command is deprecated setup.py egg_info --egg-base ../../build/demo_py build --build-base /snoopy/build/demo_py/build install --record /snoopy/build/demo_py/install.log --single-version-externally-managed install_data
[0.745s] Level 1:colcon.colcon_core.environment:checking '/snoopy/install/demo_py' for CMake module files
[0.745s] DEBUG:colcon.colcon_core.event_handler.log_command:Invoked command in '/snoopy/src/demo_py' returned '0': PYTHONPATH=/snoopy/build/demo_py/prefix_override:/usr/lib/python3/dist-packages/colcon_core/task/python/colcon_distutils_commands:/snoopy/install/demo_py/lib/python3.10/site-packages:${PYTHONPATH} /usr/bin/python3 -W ignore:setup.py install is deprecated -W ignore:easy_install command is deprecated setup.py egg_info --egg-base ../../build/demo_py build --build-base /snoopy/build/demo_py/build install --record /snoopy/build/demo_py/install.log --single-version-externally-managed install_data
[0.746s] Level 1:colcon.colcon_core.environment:checking '/snoopy/install/demo_py' for CMake config files
[0.746s] Level 1:colcon.colcon_core.environment:checking '/snoopy/install/demo_py/lib'
[0.746s] Level 1:colcon.colcon_core.environment:checking '/snoopy/install/demo_py/bin'
[0.746s] Level 1:colcon.colcon_core.environment:checking '/snoopy/install/demo_py/lib/pkgconfig/demo_py.pc'
[0.746s] Level 1:colcon.colcon_core.environment:checking '/snoopy/install/demo_py/lib/python3.10/site-packages'
[0.746s] Level 1:colcon.colcon_core.shell:create_environment_hook('demo_py', 'pythonpath')
[0.747s] INFO:colcon.colcon_core.shell:Creating environment hook '/snoopy/install/demo_py/share/demo_py/hook/pythonpath.ps1'
[0.747s] INFO:colcon.colcon_core.shell:Creating environment descriptor '/snoopy/install/demo_py/share/demo_py/hook/pythonpath.dsv'
[0.747s] INFO:colcon.colcon_core.shell:Creating environment hook '/snoopy/install/demo_py/share/demo_py/hook/pythonpath.sh'
[0.748s] Level 1:colcon.colcon_core.environment:checking '/snoopy/install/demo_py/bin'
[0.748s] Level 1:colcon.colcon_core.environment:create_environment_scripts_only(demo_py)
[0.748s] INFO:colcon.colcon_core.shell:Creating package script '/snoopy/install/demo_py/share/demo_py/package.ps1'
[0.748s] INFO:colcon.colcon_core.shell:Creating package descriptor '/snoopy/install/demo_py/share/demo_py/package.dsv'
[0.748s] INFO:colcon.colcon_core.shell:Creating package script '/snoopy/install/demo_py/share/demo_py/package.sh'
[0.749s] INFO:colcon.colcon_core.shell:Creating package script '/snoopy/install/demo_py/share/demo_py/package.bash'
[0.749s] INFO:colcon.colcon_core.shell:Creating package script '/snoopy/install/demo_py/share/demo_py/package.zsh'
[0.749s] Level 1:colcon.colcon_core.environment:create_file_with_runtime_dependencies(/snoopy/install/demo_py/share/colcon-core/packages/demo_py)
[0.749s] DEBUG:colcon.colcon_parallel_executor.executor.parallel:closing loop
[0.750s] DEBUG:colcon.colcon_parallel_executor.executor.parallel:loop closed
[0.750s] DEBUG:colcon.colcon_parallel_executor.executor.parallel:run_until_complete finished with '0'
[0.750s] DEBUG:colcon.colcon_core.event_reactor:joining thread
[0.756s] INFO:colcon.colcon_core.plugin_system:Skipping extension 'colcon_notification.desktop_notification.notify_send': Could not find 'notify-send'
[0.756s] INFO:colcon.colcon_core.plugin_system:Skipping extension 'colcon_notification.desktop_notification.terminal_notifier': Not used on non-Darwin systems
[0.756s] INFO:colcon.colcon_core.plugin_system:Skipping extension 'colcon_notification.desktop_notification.win32': Not used on non-Windows systems
[0.756s] INFO:colcon.colcon_notification.desktop_notification:Sending desktop notification using 'notify2'
[0.756s] DEBUG:colcon.colcon_notification.desktop_notification.notify2:Failed to initialize notify2: org.freedesktop.DBus.Error.NotSupported: Unable to autolaunch a dbus-daemon without a $DISPLAY for X11
[0.757s] DEBUG:colcon.colcon_core.event_reactor:joined thread
[0.757s] INFO:colcon.colcon_core.shell:Creating prefix script '/snoopy/install/local_setup.ps1'
[0.758s] INFO:colcon.colcon_core.shell:Creating prefix util module '/snoopy/install/_local_setup_util_ps1.py'
[0.759s] INFO:colcon.colcon_core.shell:Creating prefix chain script '/snoopy/install/setup.ps1'
[0.760s] INFO:colcon.colcon_core.shell:Creating prefix script '/snoopy/install/local_setup.sh'
[0.761s] INFO:colcon.colcon_core.shell:Creating prefix util module '/snoopy/install/_local_setup_util_sh.py'
[0.761s] INFO:colcon.colcon_core.shell:Creating prefix chain script '/snoopy/install/setup.sh'
[0.762s] INFO:colcon.colcon_core.shell:Creating prefix script '/snoopy/install/local_setup.bash'
[0.762s] INFO:colcon.colcon_core.shell:Creating prefix chain script '/snoopy/install/setup.bash'
[0.763s] INFO:colcon.colcon_core.shell:Creating prefix script '/snoopy/install/local_setup.zsh'
[0.763s] INFO:colcon.colcon_core.shell:Creating prefix chain script '/snoopy/install/setup.zsh'
